<?xml version="1.0" encoding="UTF-8"?>
<!-- Generated by org.testng.reporters.JUnitReportReporter -->
<testsuite hostname="LAPTOP-56N481MG" failures="0" tests="3" name="OddEvenPrime.OddEvenPrime.OEPTest" time="0.074" errors="0" timestamp="2024-04-01T20:48:19 IST" skipped="0">
  <testcase classname="OddEvenPrime.OddEvenPrime.OEPTest" name="testOdd" time="0.010"/>
  <testcase classname="OddEvenPrime.OddEvenPrime.OEPTest" name="testPrime" time="0.008"/>
  <testcase classname="OddEvenPrime.OddEvenPrime.OEPTest" name="testEven" time="0.056"/>
</testsuite> <!-- OddEvenPrime.OddEvenPrime.OEPTest -->
